
ROM used:   80/8192 (1%)
            80/8192 (1%) including unused fragments

            0.1 Average locations per line
            7.3 Average locations per statement

RAM used:   8/368 (2%) at main() level
            9/368 (2%) worst case

Stack used: 1 worst case (1 in main + 0 for interrupts)
Stack size: 8

Lines Stmts  %   Files
----- ----- ---  -----
   24    11 100  main.c
  661     0   0  ..\..\..\..\Program Files (x86)\PICC\Devices\16F877A.h
----- -----
  685    11 Total

Page ROM  %  RAM   Vol Diff  Functions:
---- --- --- ---   --- ----  ----------
0     23  29    1             @delay_ms1
0     53  66    2   200  3.6  main
 Inline         0   760  4.5  @cinit1

Program metrics:
    Functions               2
    Statements              11
    Comments                117
    Volume (V)              1098
    Difficulty (D)          8.2
    Effort to implement (E) 8988
    Time to implement (T)   8 minutes
    Est Delivered Bugs (B)  0
    Cyclomatic Complexity   1
    Maintainability (MI)    78

 Segment     Used  Free
-----------  ----  ----
00000-00003     4  0  
00004-007FF    76  1968  
00800-00FFF     0  2048  
01000-017FF     0  2048  
01800-01FFF     0  2048  



