
ROM used:   504/8192 (6%)
            504/8192 (6%) including unused fragments

            0.4 Average locations per line
            4.2 Average locations per statement

RAM used:   6/368 (2%) at main() level
            21/368 (6%) worst case

Stack used: 5 worst case (5 in main + 0 for interrupts)
Stack size: 8

Lines Stmts  %   Files
----- ----- ---  -----
   54    20  17  main1.c
  661     0   0  ..\..\..\..\Program Files (x86)\PICC\Devices\16F877A.h
  456   100  83  ..\..\..\..\Program Files (x86)\PICC\Drivers\lcd.c
----- -----
 1171   120 Total

Page ROM  %  RAM   Vol Diff  Functions:
---- --- --- ---   --- ----  ----------
0     21   4    1             @delay_ms1
0      8   2    0   200  3.6  @const629
 Inline         3   760  4.5  lcd_read_byte
0     49  10    2   262  3.7  lcd_read_nibble
0     47   9    1   399  2.4  lcd_send_nibble
0     97  19    3   415  3.7  lcd_send_byte
 Inline         2   704  5.0  lcd_init
0     18   4    4   208  6.3  lcd_gotoxy
0     44   9    1   354  4.7  lcd_putc
0     68  13    0    54  1.5  initialize_LCD
0      8   2    0   172  2.6  @const663
0     77  15    4             @PSTRINGC7_648
0     55  11    1   272  3.1  MAIN
0      8   2    0             @const669
 Inline         0             @cinit1

Program metrics:
    Functions               11
    Statements              120
    Comments                233
    Volume (V)              6112
    Difficulty (D)          40.6
    Effort to implement (E) 248420
    Time to implement (T)   3 hours, 50 minutes
    Est Delivered Bugs (B)  1
    Cyclomatic Complexity   11
    Maintainability (MI)    137

 Segment     Used  Free
-----------  ----  ----
00000-00003     4  0  
00004-007FF   500  1544  
00800-00FFF     0  2048  
01000-017FF     0  2048  
01800-01FFF     0  2048  



